-- The C compiler identification is GNU 11.4.0
-- The CXX compiler identification is GNU 11.4.0
-- Detecting C compiler ABI info
-- Detecting C compiler ABI info - done
-- Check for working C compiler: /usr/bin/cc - skipped
-- Detecting C compile features
-- Detecting C compile features - done
-- Detecting CXX compiler ABI info
-- Detecting CXX compiler ABI info - done
-- Check for working CXX compiler: /usr/bin/c++ - skipped
-- Detecting CXX compile features
-- Detecting CXX compile features - done
-- Found ament_cmake: 1.3.10 (/opt/ros/humble/share/ament_cmake/cmake)
-- Found Python3: /usr/bin/python3 (found version "3.10.12") found components: Interpreter 
-- Found rclcpp: 16.0.10 (/opt/ros/humble/share/rclcpp/cmake)
-- Found rosidl_generator_c: 3.1.5 (/opt/ros/humble/share/rosidl_generator_c/cmake)
-- Found rosidl_adapter: 3.1.5 (/opt/ros/humble/share/rosidl_adapter/cmake)
-- Found rosidl_generator_cpp: 3.1.5 (/opt/ros/humble/share/rosidl_generator_cpp/cmake)
-- Using all available rosidl_typesupport_c: rosidl_typesupport_fastrtps_c;rosidl_typesupport_introspection_c
-- Using all available rosidl_typesupport_cpp: rosidl_typesupport_fastrtps_cpp;rosidl_typesupport_introspection_cpp
-- Found rmw_implementation_cmake: 6.1.2 (/opt/ros/humble/share/rmw_implementation_cmake/cmake)
-- Found rmw_fastrtps_cpp: 6.2.7 (/opt/ros/humble/share/rmw_fastrtps_cpp/cmake)
-- Found OpenSSL: /usr/lib/x86_64-linux-gnu/libcrypto.so (found version "3.0.2")  
-- Found FastRTPS: /opt/ros/humble/include  
-- Using RMW implementation 'rmw_fastrtps_cpp' as default
-- Looking for pthread.h
-- Looking for pthread.h - found
-- Performing Test CMAKE_HAVE_LIBC_PTHREAD
-- Performing Test CMAKE_HAVE_LIBC_PTHREAD - Success
-- Found Threads: TRUE  
-- Found sensor_msgs: 4.2.4 (/opt/ros/humble/share/sensor_msgs/cmake)
-- Found cv_bridge: 3.2.1 (/opt/ros/humble/share/cv_bridge/cmake)
-- Found OpenCV: /usr (found version "4.5.4") 
-- Found ament_lint_auto: 0.12.11 (/opt/ros/humble/share/ament_lint_auto/cmake)
-- Added test 'copyright' to check source files copyright and LICENSE
-- Added test 'cppcheck' to perform static code analysis on C / C++ code
-- Configured cppcheck include dirs: $<BUILD_INTERFACE:/bhf_assessments/src/bhf_vo/include>
-- Configured cppcheck exclude dirs and/or files: 
-- Added test 'cpplint' to check C / C++ code against the Google style
-- Configured cpplint exclude dirs and/or files: 
-- Added test 'lint_cmake' to check CMake code style
-- Added test 'uncrustify' to check C / C++ code style
-- Configured uncrustify additional arguments: 
-- Added test 'xmllint' to check XML markup files
-- Configuring done
-- Generating done
-- Build files have been written to: /bhf_assessments/build/bhf_vo
[ 50%] [32mBuilding CXX object CMakeFiles/bhf_vo_node.dir/src/bhf_vo_node.cpp.o[0m
[100%] [32m[1mLinking CXX executable bhf_vo_node[0m
[100%] Built target bhf_vo_node
-- Install configuration: ""
-- Installing: /bhf_assessments/install/bhf_vo/lib/bhf_vo/bhf_vo_node
-- Set runtime path of "/bhf_assessments/install/bhf_vo/lib/bhf_vo/bhf_vo_node" to ""
-- Installing: /bhf_assessments/install/bhf_vo/share/ament_index/resource_index/package_run_dependencies/bhf_vo
-- Installing: /bhf_assessments/install/bhf_vo/share/ament_index/resource_index/parent_prefix_path/bhf_vo
-- Installing: /bhf_assessments/install/bhf_vo/share/bhf_vo/environment/ament_prefix_path.sh
-- Installing: /bhf_assessments/install/bhf_vo/share/bhf_vo/environment/ament_prefix_path.dsv
-- Installing: /bhf_assessments/install/bhf_vo/share/bhf_vo/environment/path.sh
-- Installing: /bhf_assessments/install/bhf_vo/share/bhf_vo/environment/path.dsv
-- Installing: /bhf_assessments/install/bhf_vo/share/bhf_vo/local_setup.bash
-- Installing: /bhf_assessments/install/bhf_vo/share/bhf_vo/local_setup.sh
-- Installing: /bhf_assessments/install/bhf_vo/share/bhf_vo/local_setup.zsh
-- Installing: /bhf_assessments/install/bhf_vo/share/bhf_vo/local_setup.dsv
-- Installing: /bhf_assessments/install/bhf_vo/share/bhf_vo/package.dsv
-- Installing: /bhf_assessments/install/bhf_vo/share/ament_index/resource_index/packages/bhf_vo
-- Installing: /bhf_assessments/install/bhf_vo/share/bhf_vo/cmake/bhf_voConfig.cmake
-- Installing: /bhf_assessments/install/bhf_vo/share/bhf_vo/cmake/bhf_voConfig-version.cmake
-- Installing: /bhf_assessments/install/bhf_vo/share/bhf_vo/package.xml
