[0.011s] Invoking command in '/bhf_assessments/build/bhf_vo': CMAKE_PREFIX_PATH=${CMAKE_PREFIX_PATH}:/opt/ros/humble /usr/bin/cmake /bhf_assessments/src/bhf_vo -DCMAKE_INSTALL_PREFIX=/bhf_assessments/install/bhf_vo
[0.070s] -- The C compiler identification is GNU 11.4.0
[0.132s] -- The CXX compiler identification is GNU 11.4.0
[0.141s] -- Detecting C compiler ABI info
[0.212s] -- Detecting C compiler ABI info - done
[0.221s] -- Check for working C compiler: /usr/bin/cc - skipped
[0.221s] -- Detecting C compile features
[0.222s] -- Detecting C compile features - done
[0.225s] -- Detecting CXX compiler ABI info
[0.308s] -- Detecting CXX compiler ABI info - done
[0.317s] -- Check for working CXX compiler: /usr/bin/c++ - skipped
[0.318s] -- Detecting CXX compile features
[0.318s] -- Detecting CXX compile features - done
[0.321s] -- Found ament_cmake: 1.3.10 (/opt/ros/humble/share/ament_cmake/cmake)
[0.504s] -- Found Python3: /usr/bin/python3 (found version "3.10.12") found components: Interpreter 
[0.617s] -- Found rclcpp: 16.0.10 (/opt/ros/humble/share/rclcpp/cmake)
[0.689s] -- Found rosidl_generator_c: 3.1.5 (/opt/ros/humble/share/rosidl_generator_c/cmake)
[0.696s] -- Found rosidl_adapter: 3.1.5 (/opt/ros/humble/share/rosidl_adapter/cmake)
[0.707s] -- Found rosidl_generator_cpp: 3.1.5 (/opt/ros/humble/share/rosidl_generator_cpp/cmake)
[0.725s] -- Using all available rosidl_typesupport_c: rosidl_typesupport_fastrtps_c;rosidl_typesupport_introspection_c
[0.746s] -- Using all available rosidl_typesupport_cpp: rosidl_typesupport_fastrtps_cpp;rosidl_typesupport_introspection_cpp
[0.803s] -- Found rmw_implementation_cmake: 6.1.2 (/opt/ros/humble/share/rmw_implementation_cmake/cmake)
[0.807s] -- Found rmw_fastrtps_cpp: 6.2.7 (/opt/ros/humble/share/rmw_fastrtps_cpp/cmake)
[0.906s] -- Found OpenSSL: /usr/lib/x86_64-linux-gnu/libcrypto.so (found version "3.0.2")  
[0.939s] -- Found FastRTPS: /opt/ros/humble/include  
[0.987s] -- Using RMW implementation 'rmw_fastrtps_cpp' as default
[0.999s] -- Looking for pthread.h
[1.071s] -- Looking for pthread.h - found
[1.071s] -- Performing Test CMAKE_HAVE_LIBC_PTHREAD
[1.145s] -- Performing Test CMAKE_HAVE_LIBC_PTHREAD - Success
[1.146s] -- Found Threads: TRUE  
[1.230s] -- Found sensor_msgs: 4.2.4 (/opt/ros/humble/share/sensor_msgs/cmake)
[1.273s] -- Found cv_bridge: 3.2.1 (/opt/ros/humble/share/cv_bridge/cmake)
[1.293s] -- Found OpenCV: /usr (found version "4.5.4") 
[1.297s] -- Found ament_lint_auto: 0.12.11 (/opt/ros/humble/share/ament_lint_auto/cmake)
[1.401s] -- Added test 'copyright' to check source files copyright and LICENSE
[1.402s] -- Added test 'cppcheck' to perform static code analysis on C / C++ code
[1.402s] -- Configured cppcheck include dirs: $<BUILD_INTERFACE:/bhf_assessments/src/bhf_vo/include>
[1.403s] -- Configured cppcheck exclude dirs and/or files: 
[1.403s] -- Added test 'cpplint' to check C / C++ code against the Google style
[1.403s] -- Configured cpplint exclude dirs and/or files: 
[1.404s] -- Added test 'lint_cmake' to check CMake code style
[1.405s] -- Added test 'uncrustify' to check C / C++ code style
[1.405s] -- Configured uncrustify additional arguments: 
[1.406s] -- Added test 'xmllint' to check XML markup files
[1.407s] -- Configuring done
[1.423s] -- Generating done
[1.425s] -- Build files have been written to: /bhf_assessments/build/bhf_vo
[1.438s] Invoked command in '/bhf_assessments/build/bhf_vo' returned '0': CMAKE_PREFIX_PATH=${CMAKE_PREFIX_PATH}:/opt/ros/humble /usr/bin/cmake /bhf_assessments/src/bhf_vo -DCMAKE_INSTALL_PREFIX=/bhf_assessments/install/bhf_vo
[1.439s] Invoking command in '/bhf_assessments/build/bhf_vo': CMAKE_PREFIX_PATH=${CMAKE_PREFIX_PATH}:/opt/ros/humble /usr/bin/cmake --build /bhf_assessments/build/bhf_vo -- -j16 -l16
[1.487s] [ 50%] [32mBuilding CXX object CMakeFiles/bhf_vo_node.dir/src/bhf_vo_node.cpp.o[0m
[1.529s] [100%] [32m[1mLinking CXX executable bhf_vo_node[0m
[1.923s] [100%] Built target bhf_vo_node
[1.933s] Invoked command in '/bhf_assessments/build/bhf_vo' returned '0': CMAKE_PREFIX_PATH=${CMAKE_PREFIX_PATH}:/opt/ros/humble /usr/bin/cmake --build /bhf_assessments/build/bhf_vo -- -j16 -l16
[1.969s] Invoking command in '/bhf_assessments/build/bhf_vo': CMAKE_PREFIX_PATH=${CMAKE_PREFIX_PATH}:/opt/ros/humble /usr/bin/cmake --install /bhf_assessments/build/bhf_vo
[1.978s] -- Install configuration: ""
[1.978s] -- Installing: /bhf_assessments/install/bhf_vo/lib/bhf_vo/bhf_vo_node
[1.978s] -- Set runtime path of "/bhf_assessments/install/bhf_vo/lib/bhf_vo/bhf_vo_node" to ""
[1.978s] -- Installing: /bhf_assessments/install/bhf_vo/share/ament_index/resource_index/package_run_dependencies/bhf_vo
[1.979s] -- Installing: /bhf_assessments/install/bhf_vo/share/ament_index/resource_index/parent_prefix_path/bhf_vo
[1.979s] -- Installing: /bhf_assessments/install/bhf_vo/share/bhf_vo/environment/ament_prefix_path.sh
[1.979s] -- Installing: /bhf_assessments/install/bhf_vo/share/bhf_vo/environment/ament_prefix_path.dsv
[1.979s] -- Installing: /bhf_assessments/install/bhf_vo/share/bhf_vo/environment/path.sh
[1.979s] -- Installing: /bhf_assessments/install/bhf_vo/share/bhf_vo/environment/path.dsv
[1.979s] -- Installing: /bhf_assessments/install/bhf_vo/share/bhf_vo/local_setup.bash
[1.980s] -- Installing: /bhf_assessments/install/bhf_vo/share/bhf_vo/local_setup.sh
[1.980s] -- Installing: /bhf_assessments/install/bhf_vo/share/bhf_vo/local_setup.zsh
[1.980s] -- Installing: /bhf_assessments/install/bhf_vo/share/bhf_vo/local_setup.dsv
[1.980s] -- Installing: /bhf_assessments/install/bhf_vo/share/bhf_vo/package.dsv
[1.980s] -- Installing: /bhf_assessments/install/bhf_vo/share/ament_index/resource_index/packages/bhf_vo
[1.981s] -- Installing: /bhf_assessments/install/bhf_vo/share/bhf_vo/cmake/bhf_voConfig.cmake
[1.981s] -- Installing: /bhf_assessments/install/bhf_vo/share/bhf_vo/cmake/bhf_voConfig-version.cmake
[1.981s] -- Installing: /bhf_assessments/install/bhf_vo/share/bhf_vo/package.xml
[1.982s] Invoked command in '/bhf_assessments/build/bhf_vo' returned '0': CMAKE_PREFIX_PATH=${CMAKE_PREFIX_PATH}:/opt/ros/humble /usr/bin/cmake --install /bhf_assessments/build/bhf_vo
