[0.154s] DEBUG:colcon:Command line arguments: ['/usr/bin/colcon', 'build']
[0.154s] DEBUG:colcon:Parsed command line arguments: Namespace(log_base=None, log_level=None, verb_name='build', build_base='build', install_base='install', merge_install=False, symlink_install=False, test_result_base=None, continue_on_error=False, executor='parallel', parallel_workers=16, event_handlers=None, ignore_user_meta=False, metas=['./colcon.meta'], base_paths=['.'], packages_ignore=None, packages_ignore_regex=None, paths=None, packages_up_to=None, packages_up_to_regex=None, packages_above=None, packages_above_and_dependencies=None, packages_above_depth=None, packages_select_by_dep=None, packages_skip_by_dep=None, packages_skip_up_to=None, packages_select_build_failed=False, packages_skip_build_finished=False, packages_select_test_failures=False, packages_skip_test_passed=False, packages_select=None, packages_skip=None, packages_select_regex=None, packages_skip_regex=None, packages_start=None, packages_end=None, cmake_args=None, cmake_target=None, cmake_target_skip_unavailable=False, cmake_clean_cache=False, cmake_clean_first=False, cmake_force_configure=False, ament_cmake_args=None, catkin_cmake_args=None, catkin_skip_building_tests=False, mixin_files=None, mixin=None, verb_parser=<colcon_mixin.mixin.mixin_argument.MixinArgumentDecorator object at 0x7f95a82bb970>, verb_extension=<colcon_core.verb.build.BuildVerb object at 0x7f95a82bad10>, main=<bound method BuildVerb.main of <colcon_core.verb.build.BuildVerb object at 0x7f95a82bad10>>, mixin_verb=('build',))
[0.320s] Level 1:colcon.colcon_core.package_discovery:discover_packages(colcon_meta) check parameters
[0.321s] INFO:colcon.colcon_metadata.package_discovery.colcon_meta:Using configuration from '/root/.colcon/metadata/default/Gazebo.meta'
[0.322s] INFO:colcon.colcon_metadata.package_discovery.colcon_meta:Using configuration from '/root/.colcon/metadata/default/fastrtps.meta'
[0.322s] Level 1:colcon.colcon_core.package_discovery:discover_packages(recursive) check parameters
[0.322s] Level 1:colcon.colcon_core.package_discovery:discover_packages(ignore) check parameters
[0.322s] Level 1:colcon.colcon_core.package_discovery:discover_packages(path) check parameters
[0.322s] Level 1:colcon.colcon_core.package_discovery:discover_packages(colcon_meta) discover
[0.322s] Level 1:colcon.colcon_core.package_discovery:discover_packages(recursive) discover
[0.322s] INFO:colcon.colcon_core.package_discovery:Crawling recursively for packages in '/bhf_assessments'
[0.322s] Level 1:colcon.colcon_core.package_identification:_identify(.) by extensions ['ignore', 'ignore_ament_install']
[0.322s] Level 1:colcon.colcon_core.package_identification:_identify(.) by extension 'ignore'
[0.322s] Level 1:colcon.colcon_core.package_identification:_identify(.) by extension 'ignore_ament_install'
[0.322s] Level 1:colcon.colcon_core.package_identification:_identify(.) by extensions ['colcon_pkg']
[0.322s] Level 1:colcon.colcon_core.package_identification:_identify(.) by extension 'colcon_pkg'
[0.322s] Level 1:colcon.colcon_core.package_identification:_identify(.) by extensions ['colcon_meta']
[0.322s] Level 1:colcon.colcon_core.package_identification:_identify(.) by extension 'colcon_meta'
[0.322s] Level 1:colcon.colcon_core.package_identification:_identify(.) by extensions ['ros']
[0.322s] Level 1:colcon.colcon_core.package_identification:_identify(.) by extension 'ros'
[0.337s] Level 1:colcon.colcon_core.package_identification:_identify(.) by extensions ['cmake', 'python']
[0.337s] Level 1:colcon.colcon_core.package_identification:_identify(.) by extension 'cmake'
[0.337s] Level 1:colcon.colcon_core.package_identification:_identify(.) by extension 'python'
[0.337s] Level 1:colcon.colcon_core.package_identification:_identify(.) by extensions ['python_setup_py']
[0.337s] Level 1:colcon.colcon_core.package_identification:_identify(.) by extension 'python_setup_py'
[0.337s] Level 1:colcon.colcon_core.package_identification:_identify(build) by extensions ['ignore', 'ignore_ament_install']
[0.338s] Level 1:colcon.colcon_core.package_identification:_identify(build) by extension 'ignore'
[0.338s] Level 1:colcon.colcon_core.package_identification:_identify(build) ignored
[0.338s] Level 1:colcon.colcon_core.package_identification:_identify(docker) by extensions ['ignore', 'ignore_ament_install']
[0.338s] Level 1:colcon.colcon_core.package_identification:_identify(docker) by extension 'ignore'
[0.338s] Level 1:colcon.colcon_core.package_identification:_identify(docker) by extension 'ignore_ament_install'
[0.338s] Level 1:colcon.colcon_core.package_identification:_identify(docker) by extensions ['colcon_pkg']
[0.338s] Level 1:colcon.colcon_core.package_identification:_identify(docker) by extension 'colcon_pkg'
[0.338s] Level 1:colcon.colcon_core.package_identification:_identify(docker) by extensions ['colcon_meta']
[0.338s] Level 1:colcon.colcon_core.package_identification:_identify(docker) by extension 'colcon_meta'
[0.338s] Level 1:colcon.colcon_core.package_identification:_identify(docker) by extensions ['ros']
[0.338s] Level 1:colcon.colcon_core.package_identification:_identify(docker) by extension 'ros'
[0.338s] Level 1:colcon.colcon_core.package_identification:_identify(docker) by extensions ['cmake', 'python']
[0.338s] Level 1:colcon.colcon_core.package_identification:_identify(docker) by extension 'cmake'
[0.338s] Level 1:colcon.colcon_core.package_identification:_identify(docker) by extension 'python'
[0.338s] Level 1:colcon.colcon_core.package_identification:_identify(docker) by extensions ['python_setup_py']
[0.338s] Level 1:colcon.colcon_core.package_identification:_identify(docker) by extension 'python_setup_py'
[0.338s] Level 1:colcon.colcon_core.package_identification:_identify(install) by extensions ['ignore', 'ignore_ament_install']
[0.339s] Level 1:colcon.colcon_core.package_identification:_identify(install) by extension 'ignore'
[0.339s] Level 1:colcon.colcon_core.package_identification:_identify(install) ignored
[0.339s] Level 1:colcon.colcon_core.package_identification:_identify(log) by extensions ['ignore', 'ignore_ament_install']
[0.339s] Level 1:colcon.colcon_core.package_identification:_identify(log) by extension 'ignore'
[0.339s] Level 1:colcon.colcon_core.package_identification:_identify(log) ignored
[0.339s] Level 1:colcon.colcon_core.package_identification:_identify(src) by extensions ['ignore', 'ignore_ament_install']
[0.339s] Level 1:colcon.colcon_core.package_identification:_identify(src) by extension 'ignore'
[0.339s] Level 1:colcon.colcon_core.package_identification:_identify(src) by extension 'ignore_ament_install'
[0.339s] Level 1:colcon.colcon_core.package_identification:_identify(src) by extensions ['colcon_pkg']
[0.339s] Level 1:colcon.colcon_core.package_identification:_identify(src) by extension 'colcon_pkg'
[0.339s] Level 1:colcon.colcon_core.package_identification:_identify(src) by extensions ['colcon_meta']
[0.339s] Level 1:colcon.colcon_core.package_identification:_identify(src) by extension 'colcon_meta'
[0.339s] Level 1:colcon.colcon_core.package_identification:_identify(src) by extensions ['ros']
[0.339s] Level 1:colcon.colcon_core.package_identification:_identify(src) by extension 'ros'
[0.339s] Level 1:colcon.colcon_core.package_identification:_identify(src) by extensions ['cmake', 'python']
[0.339s] Level 1:colcon.colcon_core.package_identification:_identify(src) by extension 'cmake'
[0.340s] Level 1:colcon.colcon_core.package_identification:_identify(src) by extension 'python'
[0.340s] Level 1:colcon.colcon_core.package_identification:_identify(src) by extensions ['python_setup_py']
[0.340s] Level 1:colcon.colcon_core.package_identification:_identify(src) by extension 'python_setup_py'
[0.340s] Level 1:colcon.colcon_core.package_identification:_identify(src/bhf_vo) by extensions ['ignore', 'ignore_ament_install']
[0.340s] Level 1:colcon.colcon_core.package_identification:_identify(src/bhf_vo) by extension 'ignore'
[0.340s] Level 1:colcon.colcon_core.package_identification:_identify(src/bhf_vo) by extension 'ignore_ament_install'
[0.340s] Level 1:colcon.colcon_core.package_identification:_identify(src/bhf_vo) by extensions ['colcon_pkg']
[0.340s] Level 1:colcon.colcon_core.package_identification:_identify(src/bhf_vo) by extension 'colcon_pkg'
[0.340s] Level 1:colcon.colcon_core.package_identification:_identify(src/bhf_vo) by extensions ['colcon_meta']
[0.340s] Level 1:colcon.colcon_core.package_identification:_identify(src/bhf_vo) by extension 'colcon_meta'
[0.340s] Level 1:colcon.colcon_core.package_identification:_identify(src/bhf_vo) by extensions ['ros']
[0.340s] Level 1:colcon.colcon_core.package_identification:_identify(src/bhf_vo) by extension 'ros'
[0.343s] DEBUG:colcon.colcon_core.package_identification:Package 'src/bhf_vo' with type 'ros.ament_cmake' and name 'bhf_vo'
[0.343s] Level 1:colcon.colcon_core.package_discovery:discover_packages(recursive) using defaults
[0.343s] Level 1:colcon.colcon_core.package_discovery:discover_packages(ignore) discover
[0.343s] Level 1:colcon.colcon_core.package_discovery:discover_packages(ignore) using defaults
[0.343s] Level 1:colcon.colcon_core.package_discovery:discover_packages(path) discover
[0.344s] Level 1:colcon.colcon_core.package_discovery:discover_packages(path) using defaults
[0.370s] Level 5:colcon.colcon_core.verb:set package 'bhf_vo' build argument 'cmake_args' from command line to 'None'
[0.370s] Level 5:colcon.colcon_core.verb:set package 'bhf_vo' build argument 'cmake_target' from command line to 'None'
[0.370s] Level 5:colcon.colcon_core.verb:set package 'bhf_vo' build argument 'cmake_target_skip_unavailable' from command line to 'False'
[0.370s] Level 5:colcon.colcon_core.verb:set package 'bhf_vo' build argument 'cmake_clean_cache' from command line to 'False'
[0.370s] Level 5:colcon.colcon_core.verb:set package 'bhf_vo' build argument 'cmake_clean_first' from command line to 'False'
[0.370s] Level 5:colcon.colcon_core.verb:set package 'bhf_vo' build argument 'cmake_force_configure' from command line to 'False'
[0.370s] Level 5:colcon.colcon_core.verb:set package 'bhf_vo' build argument 'ament_cmake_args' from command line to 'None'
[0.370s] Level 5:colcon.colcon_core.verb:set package 'bhf_vo' build argument 'catkin_cmake_args' from command line to 'None'
[0.370s] Level 5:colcon.colcon_core.verb:set package 'bhf_vo' build argument 'catkin_skip_building_tests' from command line to 'False'
[0.370s] DEBUG:colcon.colcon_core.verb:Building package 'bhf_vo' with the following arguments: {'ament_cmake_args': None, 'build_base': '/bhf_assessments/build/bhf_vo', 'catkin_cmake_args': None, 'catkin_skip_building_tests': False, 'cmake_args': None, 'cmake_clean_cache': False, 'cmake_clean_first': False, 'cmake_force_configure': False, 'cmake_target': None, 'cmake_target_skip_unavailable': False, 'install_base': '/bhf_assessments/install/bhf_vo', 'merge_install': False, 'path': '/bhf_assessments/src/bhf_vo', 'symlink_install': False, 'test_result_base': None}
[0.371s] INFO:colcon.colcon_core.executor:Executing jobs using 'parallel' executor
[0.372s] DEBUG:colcon.colcon_parallel_executor.executor.parallel:run_until_complete
[0.372s] INFO:colcon.colcon_ros.task.ament_cmake.build:Building ROS package in '/bhf_assessments/src/bhf_vo' with build type 'ament_cmake'
[0.372s] INFO:colcon.colcon_cmake.task.cmake.build:Building CMake package in '/bhf_assessments/src/bhf_vo'
[0.375s] INFO:colcon.colcon_core.plugin_system:Skipping extension 'colcon_core.shell.bat': Not used on non-Windows systems
[0.375s] INFO:colcon.colcon_core.shell:Skip shell extension 'powershell' for command environment: Not usable outside of PowerShell
[0.375s] DEBUG:colcon.colcon_core.shell:Skip shell extension 'dsv' for command environment
[0.387s] DEBUG:colcon.colcon_core.event_handler.log_command:Invoking command in '/bhf_assessments/build/bhf_vo': CMAKE_PREFIX_PATH=${CMAKE_PREFIX_PATH}:/opt/ros/humble /usr/bin/cmake --build /bhf_assessments/build/bhf_vo -- -j16 -l16
[4.789s] DEBUG:colcon.colcon_core.event_handler.log_command:Invoked command in '/bhf_assessments/build/bhf_vo' returned '0': CMAKE_PREFIX_PATH=${CMAKE_PREFIX_PATH}:/opt/ros/humble /usr/bin/cmake --build /bhf_assessments/build/bhf_vo -- -j16 -l16
[4.825s] DEBUG:colcon.colcon_core.event_handler.log_command:Invoking command in '/bhf_assessments/build/bhf_vo': CMAKE_PREFIX_PATH=${CMAKE_PREFIX_PATH}:/opt/ros/humble /usr/bin/cmake --install /bhf_assessments/build/bhf_vo
[4.835s] Level 1:colcon.colcon_core.environment:create_environment_scripts_only(bhf_vo)
[4.835s] DEBUG:colcon.colcon_core.event_handler.log_command:Invoked command in '/bhf_assessments/build/bhf_vo' returned '0': CMAKE_PREFIX_PATH=${CMAKE_PREFIX_PATH}:/opt/ros/humble /usr/bin/cmake --install /bhf_assessments/build/bhf_vo
[4.839s] Level 1:colcon.colcon_core.environment:checking '/bhf_assessments/install/bhf_vo' for CMake module files
[4.839s] Level 1:colcon.colcon_core.environment:checking '/bhf_assessments/install/bhf_vo' for CMake config files
[4.840s] Level 1:colcon.colcon_core.shell:create_environment_hook('bhf_vo', 'cmake_prefix_path')
[4.840s] INFO:colcon.colcon_core.shell:Creating environment hook '/bhf_assessments/install/bhf_vo/share/bhf_vo/hook/cmake_prefix_path.ps1'
[4.841s] INFO:colcon.colcon_core.shell:Creating environment descriptor '/bhf_assessments/install/bhf_vo/share/bhf_vo/hook/cmake_prefix_path.dsv'
[4.841s] INFO:colcon.colcon_core.shell:Creating environment hook '/bhf_assessments/install/bhf_vo/share/bhf_vo/hook/cmake_prefix_path.sh'
[4.842s] Level 1:colcon.colcon_core.environment:checking '/bhf_assessments/install/bhf_vo/lib'
[4.843s] Level 1:colcon.colcon_core.environment:checking '/bhf_assessments/install/bhf_vo/bin'
[4.843s] Level 1:colcon.colcon_core.environment:checking '/bhf_assessments/install/bhf_vo/lib/pkgconfig/bhf_vo.pc'
[4.845s] Level 1:colcon.colcon_core.environment:checking '/bhf_assessments/install/bhf_vo/lib/python3.10/site-packages'
[4.846s] Level 1:colcon.colcon_core.environment:checking '/bhf_assessments/install/bhf_vo/bin'
[4.846s] INFO:colcon.colcon_core.shell:Creating package script '/bhf_assessments/install/bhf_vo/share/bhf_vo/package.ps1'
[4.847s] INFO:colcon.colcon_core.shell:Creating package descriptor '/bhf_assessments/install/bhf_vo/share/bhf_vo/package.dsv'
[4.848s] INFO:colcon.colcon_core.shell:Creating package script '/bhf_assessments/install/bhf_vo/share/bhf_vo/package.sh'
[4.848s] INFO:colcon.colcon_core.shell:Creating package script '/bhf_assessments/install/bhf_vo/share/bhf_vo/package.bash'
[4.849s] INFO:colcon.colcon_core.shell:Creating package script '/bhf_assessments/install/bhf_vo/share/bhf_vo/package.zsh'
[4.850s] Level 1:colcon.colcon_core.environment:create_file_with_runtime_dependencies(/bhf_assessments/install/bhf_vo/share/colcon-core/packages/bhf_vo)
[4.873s] Level 1:colcon.colcon_core.environment:create_environment_scripts_only(bhf_vo)
[4.873s] Level 1:colcon.colcon_core.environment:checking '/bhf_assessments/install/bhf_vo' for CMake module files
[4.874s] Level 1:colcon.colcon_core.environment:checking '/bhf_assessments/install/bhf_vo' for CMake config files
[4.874s] Level 1:colcon.colcon_core.shell:create_environment_hook('bhf_vo', 'cmake_prefix_path')
[4.875s] INFO:colcon.colcon_core.shell:Creating environment hook '/bhf_assessments/install/bhf_vo/share/bhf_vo/hook/cmake_prefix_path.ps1'
[4.875s] INFO:colcon.colcon_core.shell:Creating environment descriptor '/bhf_assessments/install/bhf_vo/share/bhf_vo/hook/cmake_prefix_path.dsv'
[4.875s] INFO:colcon.colcon_core.shell:Creating environment hook '/bhf_assessments/install/bhf_vo/share/bhf_vo/hook/cmake_prefix_path.sh'
[4.876s] Level 1:colcon.colcon_core.environment:checking '/bhf_assessments/install/bhf_vo/lib'
[4.876s] Level 1:colcon.colcon_core.environment:checking '/bhf_assessments/install/bhf_vo/bin'
[4.876s] Level 1:colcon.colcon_core.environment:checking '/bhf_assessments/install/bhf_vo/lib/pkgconfig/bhf_vo.pc'
[4.876s] Level 1:colcon.colcon_core.environment:checking '/bhf_assessments/install/bhf_vo/lib/python3.10/site-packages'
[4.877s] Level 1:colcon.colcon_core.environment:checking '/bhf_assessments/install/bhf_vo/bin'
[4.877s] INFO:colcon.colcon_core.shell:Creating package script '/bhf_assessments/install/bhf_vo/share/bhf_vo/package.ps1'
[4.878s] INFO:colcon.colcon_core.shell:Creating package descriptor '/bhf_assessments/install/bhf_vo/share/bhf_vo/package.dsv'
[4.878s] INFO:colcon.colcon_core.shell:Creating package script '/bhf_assessments/install/bhf_vo/share/bhf_vo/package.sh'
[4.878s] INFO:colcon.colcon_core.shell:Creating package script '/bhf_assessments/install/bhf_vo/share/bhf_vo/package.bash'
[4.879s] INFO:colcon.colcon_core.shell:Creating package script '/bhf_assessments/install/bhf_vo/share/bhf_vo/package.zsh'
[4.879s] Level 1:colcon.colcon_core.environment:create_file_with_runtime_dependencies(/bhf_assessments/install/bhf_vo/share/colcon-core/packages/bhf_vo)
[4.879s] DEBUG:colcon.colcon_parallel_executor.executor.parallel:closing loop
[4.880s] DEBUG:colcon.colcon_parallel_executor.executor.parallel:loop closed
[4.880s] DEBUG:colcon.colcon_parallel_executor.executor.parallel:run_until_complete finished with '0'
[4.880s] DEBUG:colcon.colcon_core.event_reactor:joining thread
[4.886s] INFO:colcon.colcon_core.plugin_system:Skipping extension 'colcon_notification.desktop_notification.notify_send': Could not find 'notify-send'
[4.886s] INFO:colcon.colcon_core.plugin_system:Skipping extension 'colcon_notification.desktop_notification.terminal_notifier': Not used on non-Darwin systems
[4.886s] INFO:colcon.colcon_core.plugin_system:Skipping extension 'colcon_notification.desktop_notification.win32': Not used on non-Windows systems
[4.886s] INFO:colcon.colcon_notification.desktop_notification:Sending desktop notification using 'notify2'
[4.886s] DEBUG:colcon.colcon_notification.desktop_notification.notify2:Failed to initialize notify2: org.freedesktop.DBus.Error.NotSupported: Unable to autolaunch a dbus-daemon without a $DISPLAY for X11
[4.886s] DEBUG:colcon.colcon_core.event_reactor:joined thread
[4.887s] INFO:colcon.colcon_core.shell:Creating prefix script '/bhf_assessments/install/local_setup.ps1'
[4.888s] INFO:colcon.colcon_core.shell:Creating prefix util module '/bhf_assessments/install/_local_setup_util_ps1.py'
[4.889s] INFO:colcon.colcon_core.shell:Creating prefix chain script '/bhf_assessments/install/setup.ps1'
[4.891s] INFO:colcon.colcon_core.shell:Creating prefix script '/bhf_assessments/install/local_setup.sh'
[4.891s] INFO:colcon.colcon_core.shell:Creating prefix util module '/bhf_assessments/install/_local_setup_util_sh.py'
[4.892s] INFO:colcon.colcon_core.shell:Creating prefix chain script '/bhf_assessments/install/setup.sh'
[4.893s] INFO:colcon.colcon_core.shell:Creating prefix script '/bhf_assessments/install/local_setup.bash'
[4.893s] INFO:colcon.colcon_core.shell:Creating prefix chain script '/bhf_assessments/install/setup.bash'
[4.895s] INFO:colcon.colcon_core.shell:Creating prefix script '/bhf_assessments/install/local_setup.zsh'
[4.895s] INFO:colcon.colcon_core.shell:Creating prefix chain script '/bhf_assessments/install/setup.zsh'
